This file contains any messages produced by compilers while
running configure, to aid debugging if configure makes a mistake.

It was created by configure, which was
generated by GNU Autoconf 2.68.  Invocation command line was

  $ ./configure 

## --------- ##
## Platform. ##
## --------- ##

hostname = MacBook-Pro-Daniil.local
uname -m = x86_64
uname -r = 16.6.0
uname -s = Darwin
uname -v = Darwin Kernel Version 16.6.0: Fri Apr 14 16:21:16 PDT 2017; root:xnu-3789.60.24~6/RELEASE_X86_64

/usr/bin/uname -p = i386
/bin/uname -X     = unknown

/bin/arch              = unknown
/usr/bin/arch -k       = unknown
/usr/convex/getsysinfo = unknown
/usr/bin/hostinfo      = Mach kernel version:
	 Darwin Kernel Version 16.6.0: Fri Apr 14 16:21:16 PDT 2017; root:xnu-3789.60.24~6/RELEASE_X86_64
Kernel configured for up to 4 processors.
2 processors are physically available.
4 processors are logically available.
Processor type: x86_64h (Intel x86-64h Haswell)
Processors active: 0 1 2 3
Primary memory available: 16.00 gigabytes
Default processor set: 444 tasks, 2443 threads, 4 processors
Load average: 1.62, Mach factor: 2.36
/bin/machine           = unknown
/usr/bin/oslevel       = unknown
/bin/universe          = unknown

PATH: /usr/local/opt/node@6/bin
PATH: /Users/omawnakw/inferno/MacOSX/386/bin
PATH: /usr/local/bin
PATH: /usr/local/sbin
PATH: /usr/bin
PATH: /bin
PATH: /usr/sbin
PATH: /sbin
PATH: /usr/local/bin
PATH: /opt/X11/bin


## ----------- ##
## Core tests. ##
## ----------- ##

configure:2171: checking for a BSD-compatible install
configure:2239: result: /usr/bin/install -c
configure:2250: checking whether build environment is sane
configure:2287: result: yes
configure:2312: checking for a thread-safe mkdir -p
configure:2351: result: ./install-sh -c -d
configure:2364: checking for gawk
configure:2394: result: no
configure:2364: checking for mawk
configure:2394: result: no
configure:2364: checking for nawk
configure:2394: result: no
configure:2364: checking for awk
configure:2380: found /usr/bin/awk
configure:2391: result: awk
configure:2402: checking whether make sets $(MAKE)
configure:2424: result: yes
configure:2611: checking build system type
configure:2625: result: x86_64-apple-darwin16.6.0
configure:2645: checking host system type
configure:2658: result: x86_64-apple-darwin16.6.0
configure:2746: checking for gcc
configure:2762: found /usr/bin/gcc
configure:2773: result: gcc
configure:3002: checking for C compiler version
configure:3011: gcc --version >&5
Apple LLVM version 8.1.0 (clang-802.0.42)
Target: x86_64-apple-darwin16.6.0
Thread model: posix
InstalledDir: /Library/Developer/CommandLineTools/usr/bin
Configured with: --prefix=/Library/Developer/CommandLineTools/usr --with-gxx-include-dir=/usr/include/c++/4.2.1
configure:3022: $? = 0
configure:3011: gcc -v >&5
Configured with: --prefix=/Library/Developer/CommandLineTools/usr --with-gxx-include-dir=/usr/include/c++/4.2.1
Apple LLVM version 8.1.0 (clang-802.0.42)
Target: x86_64-apple-darwin16.6.0
Thread model: posix
InstalledDir: /Library/Developer/CommandLineTools/usr/bin
configure:3022: $? = 0
configure:3011: gcc -V >&5
clang: error: argument to '-V' is missing (expected 1 value)
clang: error: no input files
configure:3022: $? = 1
configure:3011: gcc -qversion >&5
clang: error: unknown argument: '-qversion'
clang: error: no input files
configure:3022: $? = 1
configure:3042: checking whether the C compiler works
configure:3064: gcc    conftest.c  >&5
configure:3068: $? = 0
configure:3116: result: yes
configure:3119: checking for C compiler default output file name
configure:3121: result: a.out
configure:3127: checking for suffix of executables
configure:3134: gcc -o conftest    conftest.c  >&5
configure:3138: $? = 0
configure:3160: result: 
configure:3182: checking whether we are cross compiling
configure:3190: gcc -o conftest    conftest.c  >&5
configure:3194: $? = 0
configure:3201: ./conftest
configure:3205: $? = 0
configure:3220: result: no
configure:3225: checking for suffix of object files
configure:3247: gcc -c   conftest.c >&5
configure:3251: $? = 0
configure:3272: result: o
configure:3276: checking whether we are using the GNU C compiler
configure:3295: gcc -c   conftest.c >&5
configure:3295: $? = 0
configure:3304: result: yes
configure:3313: checking whether gcc accepts -g
configure:3333: gcc -c -g  conftest.c >&5
configure:3333: $? = 0
configure:3374: result: yes
configure:3391: checking for gcc option to accept ISO C89
configure:3455: gcc  -c -g -O2  conftest.c >&5
configure:3455: $? = 0
configure:3468: result: none needed
configure:3499: checking for style of include used by make
configure:3527: result: GNU
configure:3552: checking dependency style of gcc
configure:3643: result: gcc3
configure:3663: checking how to run the C preprocessor
configure:3694: gcc -E  conftest.c
configure:3694: $? = 0
configure:3708: gcc -E  conftest.c
conftest.c:13:10: fatal error: 'ac_nonexistent.h' file not found
#include <ac_nonexistent.h>
         ^
1 error generated.
configure:3708: $? = 1
configure: failed program was:
| /* confdefs.h */
| #define PACKAGE_NAME ""
| #define PACKAGE_TARNAME ""
| #define PACKAGE_VERSION ""
| #define PACKAGE_STRING ""
| #define PACKAGE_BUGREPORT ""
| #define PACKAGE_URL ""
| #define PACKAGE "rtptools"
| #define VERSION "1.21"
| #define unix 1
| #define __darwin__ 1
| /* end confdefs.h.  */
| #include <ac_nonexistent.h>
configure:3733: result: gcc -E
configure:3753: gcc -E  conftest.c
configure:3753: $? = 0
configure:3767: gcc -E  conftest.c
conftest.c:13:10: fatal error: 'ac_nonexistent.h' file not found
#include <ac_nonexistent.h>
         ^
1 error generated.
configure:3767: $? = 1
configure: failed program was:
| /* confdefs.h */
| #define PACKAGE_NAME ""
| #define PACKAGE_TARNAME ""
| #define PACKAGE_VERSION ""
| #define PACKAGE_STRING ""
| #define PACKAGE_BUGREPORT ""
| #define PACKAGE_URL ""
| #define PACKAGE "rtptools"
| #define VERSION "1.21"
| #define unix 1
| #define __darwin__ 1
| /* end confdefs.h.  */
| #include <ac_nonexistent.h>
configure:3808: checking for gethostbyname
configure:3808: result: no
configure:3815: checking for gethostbyname in -lnsl
configure:3887: gcc -o conftest -g -O2 -Wall   conftest.c -lnsl   >&5
ld: library not found for -lnsl
clang: error: linker command failed with exit code 1 (use -v to see invocation)
configure:3887: $? = 1
configure: failed program was:
| /* confdefs.h */
| #define PACKAGE_NAME ""
| #define PACKAGE_TARNAME ""
| #define PACKAGE_VERSION ""
| #define PACKAGE_STRING ""
| #define PACKAGE_BUGREPORT ""
| #define PACKAGE_URL ""
| #define PACKAGE "rtptools"
| #define VERSION "1.21"
| #define unix 1
| #define __darwin__ 1
| /* end confdefs.h.  */
| 
| /* Override any GCC internal prototype to avoid an error.
|    Use char because int might match the return type of a GCC
|    builtin and then its argument prototype would still apply.  */
| #ifdef __cplusplus
| extern "C"
| #endif
| char gethostbyname ();
| int
| main ()
| {
| return gethostbyname ();
|   ;
|   return 0;
| }
configure:3896: result: no
configure:3912: checking for yp_match
configure:3912: gcc -o conftest -g -O2 -Wall   conftest.c  >&5
configure:3912: $? = 0
configure:3912: result: yes
configure:3969: checking for socket
configure:3969: gcc -o conftest -g -O2 -Wall   conftest.c  >&5
configure:3969: $? = 0
configure:3969: result: yes
configure:4026: checking for grep that handles long lines and -e
configure:4084: result: /usr/bin/grep
configure:4089: checking for egrep
configure:4151: result: /usr/bin/grep -E
configure:4156: checking for ANSI C header files
configure:4176: gcc -c -g -O2 -Wall  conftest.c >&5
configure:4176: $? = 0
configure:4249: gcc -o conftest -g -O2 -Wall   conftest.c  >&5
configure:4249: $? = 0
configure:4249: ./conftest
configure:4249: $? = 0
configure:4260: result: yes
configure:4273: checking for sys/types.h
configure:4273: gcc -c -g -O2 -Wall  conftest.c >&5
configure:4273: $? = 0
configure:4273: result: yes
configure:4273: checking for sys/stat.h
configure:4273: gcc -c -g -O2 -Wall  conftest.c >&5
configure:4273: $? = 0
configure:4273: result: yes
configure:4273: checking for stdlib.h
configure:4273: gcc -c -g -O2 -Wall  conftest.c >&5
configure:4273: $? = 0
configure:4273: result: yes
configure:4273: checking for string.h
configure:4273: gcc -c -g -O2 -Wall  conftest.c >&5
configure:4273: $? = 0
configure:4273: result: yes
configure:4273: checking for memory.h
configure:4273: gcc -c -g -O2 -Wall  conftest.c >&5
configure:4273: $? = 0
configure:4273: result: yes
configure:4273: checking for strings.h
configure:4273: gcc -c -g -O2 -Wall  conftest.c >&5
configure:4273: $? = 0
configure:4273: result: yes
configure:4273: checking for inttypes.h
configure:4273: gcc -c -g -O2 -Wall  conftest.c >&5
configure:4273: $? = 0
configure:4273: result: yes
configure:4273: checking for stdint.h
configure:4273: gcc -c -g -O2 -Wall  conftest.c >&5
configure:4273: $? = 0
configure:4273: result: yes
configure:4273: checking for unistd.h
configure:4273: gcc -c -g -O2 -Wall  conftest.c >&5
configure:4273: $? = 0
configure:4273: result: yes
configure:4288: checking search.h usability
configure:4288: gcc -c -g -O2 -Wall  conftest.c >&5
configure:4288: $? = 0
configure:4288: result: yes
configure:4288: checking search.h presence
configure:4288: gcc -E  conftest.c
configure:4288: $? = 0
configure:4288: result: yes
configure:4288: checking for search.h
configure:4288: result: yes
configure:4288: checking sys/time.h usability
configure:4288: gcc -c -g -O2 -Wall  conftest.c >&5
configure:4288: $? = 0
configure:4288: result: yes
configure:4288: checking sys/time.h presence
configure:4288: gcc -E  conftest.c
configure:4288: $? = 0
configure:4288: result: yes
configure:4288: checking for sys/time.h
configure:4288: result: yes
configure:4288: checking for unistd.h
configure:4288: result: yes
configure:4298: checking rpcsvc/ypclnt.h usability
configure:4298: gcc -c -g -O2 -Wall  conftest.c >&5
configure:4298: $? = 0
configure:4298: result: yes
configure:4298: checking rpcsvc/ypclnt.h presence
configure:4298: gcc -E  conftest.c
configure:4298: $? = 0
configure:4298: result: yes
configure:4298: checking for rpcsvc/ypclnt.h
configure:4298: result: yes
configure:4307: checking for an ANSI C-conforming const
configure:4372: gcc -c -g -O2 -Wall  conftest.c >&5
conftest.c:74:18: warning: variable 'b' is uninitialized when used here [-Wuninitialized]
    struct s *b; b->j = 5;
                 ^
conftest.c:74:16: note: initialize the variable 'b' to silence this warning
    struct s *b; b->j = 5;
               ^
                = 0
conftest.c:58:6: warning: variable 't' is uninitialized when used here [-Wuninitialized]
    *t++ = 0;
     ^
conftest.c:55:12: note: initialize the variable 't' to silence this warning
    char *t;
           ^
            = 0
2 warnings generated.
configure:4372: $? = 0
configure:4379: result: yes
configure:4387: checking whether byte ordering is bigendian
configure:4402: gcc -c -g -O2 -Wall  conftest.c >&5
configure:4402: $? = 0
configure:4447: gcc -c -g -O2 -Wall  conftest.c >&5
configure:4447: $? = 0
configure:4465: gcc -c -g -O2 -Wall  conftest.c >&5
conftest.c:36:4: error: use of undeclared identifier 'not'
                 not big endian
                 ^
1 error generated.
configure:4465: $? = 1
configure: failed program was:
| /* confdefs.h */
| #define PACKAGE_NAME ""
| #define PACKAGE_TARNAME ""
| #define PACKAGE_VERSION ""
| #define PACKAGE_STRING ""
| #define PACKAGE_BUGREPORT ""
| #define PACKAGE_URL ""
| #define PACKAGE "rtptools"
| #define VERSION "1.21"
| #define unix 1
| #define __darwin__ 1
| #define HAVE_YP_MATCH 1
| #define HAVE_SOCKET 1
| #define STDC_HEADERS 1
| #define HAVE_SYS_TYPES_H 1
| #define HAVE_SYS_STAT_H 1
| #define HAVE_STDLIB_H 1
| #define HAVE_STRING_H 1
| #define HAVE_MEMORY_H 1
| #define HAVE_STRINGS_H 1
| #define HAVE_INTTYPES_H 1
| #define HAVE_STDINT_H 1
| #define HAVE_UNISTD_H 1
| #define HAVE_SEARCH_H 1
| #define HAVE_SYS_TIME_H 1
| #define HAVE_UNISTD_H 1
| #define HAVE_YP 1
| /* end confdefs.h.  */
| #include <sys/types.h>
| 		#include <sys/param.h>
| 
| int
| main ()
| {
| #if BYTE_ORDER != BIG_ENDIAN
| 		 not big endian
| 		#endif
| 
|   ;
|   return 0;
| }
configure:4593: result: no
configure:4611: checking for uid_t in sys/types.h
configure:4630: result: yes
configure:4641: checking for off_t
configure:4641: gcc -c -g -O2 -Wall  conftest.c >&5
configure:4641: $? = 0
configure:4641: gcc -c -g -O2 -Wall  conftest.c >&5
conftest.c:65:20: error: expected expression
if (sizeof ((off_t)))
                   ^
1 error generated.
configure:4641: $? = 1
configure: failed program was:
| /* confdefs.h */
| #define PACKAGE_NAME ""
| #define PACKAGE_TARNAME ""
| #define PACKAGE_VERSION ""
| #define PACKAGE_STRING ""
| #define PACKAGE_BUGREPORT ""
| #define PACKAGE_URL ""
| #define PACKAGE "rtptools"
| #define VERSION "1.21"
| #define unix 1
| #define __darwin__ 1
| #define HAVE_YP_MATCH 1
| #define HAVE_SOCKET 1
| #define STDC_HEADERS 1
| #define HAVE_SYS_TYPES_H 1
| #define HAVE_SYS_STAT_H 1
| #define HAVE_STDLIB_H 1
| #define HAVE_STRING_H 1
| #define HAVE_MEMORY_H 1
| #define HAVE_STRINGS_H 1
| #define HAVE_INTTYPES_H 1
| #define HAVE_STDINT_H 1
| #define HAVE_UNISTD_H 1
| #define HAVE_SEARCH_H 1
| #define HAVE_SYS_TIME_H 1
| #define HAVE_UNISTD_H 1
| #define HAVE_YP 1
| /* end confdefs.h.  */
| #include <stdio.h>
| #ifdef HAVE_SYS_TYPES_H
| # include <sys/types.h>
| #endif
| #ifdef HAVE_SYS_STAT_H
| # include <sys/stat.h>
| #endif
| #ifdef STDC_HEADERS
| # include <stdlib.h>
| # include <stddef.h>
| #else
| # ifdef HAVE_STDLIB_H
| #  include <stdlib.h>
| # endif
| #endif
| #ifdef HAVE_STRING_H
| # if !defined STDC_HEADERS && defined HAVE_MEMORY_H
| #  include <memory.h>
| # endif
| # include <string.h>
| #endif
| #ifdef HAVE_STRINGS_H
| # include <strings.h>
| #endif
| #ifdef HAVE_INTTYPES_H
| # include <inttypes.h>
| #endif
| #ifdef HAVE_STDINT_H
| # include <stdint.h>
| #endif
| #ifdef HAVE_UNISTD_H
| # include <unistd.h>
| #endif
| int
| main ()
| {
| if (sizeof ((off_t)))
| 	    return 0;
|   ;
|   return 0;
| }
configure:4641: result: yes
configure:4652: checking for pid_t
configure:4652: gcc -c -g -O2 -Wall  conftest.c >&5
configure:4652: $? = 0
configure:4652: gcc -c -g -O2 -Wall  conftest.c >&5
conftest.c:65:20: error: expected expression
if (sizeof ((pid_t)))
                   ^
1 error generated.
configure:4652: $? = 1
configure: failed program was:
| /* confdefs.h */
| #define PACKAGE_NAME ""
| #define PACKAGE_TARNAME ""
| #define PACKAGE_VERSION ""
| #define PACKAGE_STRING ""
| #define PACKAGE_BUGREPORT ""
| #define PACKAGE_URL ""
| #define PACKAGE "rtptools"
| #define VERSION "1.21"
| #define unix 1
| #define __darwin__ 1
| #define HAVE_YP_MATCH 1
| #define HAVE_SOCKET 1
| #define STDC_HEADERS 1
| #define HAVE_SYS_TYPES_H 1
| #define HAVE_SYS_STAT_H 1
| #define HAVE_STDLIB_H 1
| #define HAVE_STRING_H 1
| #define HAVE_MEMORY_H 1
| #define HAVE_STRINGS_H 1
| #define HAVE_INTTYPES_H 1
| #define HAVE_STDINT_H 1
| #define HAVE_UNISTD_H 1
| #define HAVE_SEARCH_H 1
| #define HAVE_SYS_TIME_H 1
| #define HAVE_UNISTD_H 1
| #define HAVE_YP 1
| /* end confdefs.h.  */
| #include <stdio.h>
| #ifdef HAVE_SYS_TYPES_H
| # include <sys/types.h>
| #endif
| #ifdef HAVE_SYS_STAT_H
| # include <sys/stat.h>
| #endif
| #ifdef STDC_HEADERS
| # include <stdlib.h>
| # include <stddef.h>
| #else
| # ifdef HAVE_STDLIB_H
| #  include <stdlib.h>
| # endif
| #endif
| #ifdef HAVE_STRING_H
| # if !defined STDC_HEADERS && defined HAVE_MEMORY_H
| #  include <memory.h>
| # endif
| # include <string.h>
| #endif
| #ifdef HAVE_STRINGS_H
| # include <strings.h>
| #endif
| #ifdef HAVE_INTTYPES_H
| # include <inttypes.h>
| #endif
| #ifdef HAVE_STDINT_H
| # include <stdint.h>
| #endif
| #ifdef HAVE_UNISTD_H
| # include <unistd.h>
| #endif
| int
| main ()
| {
| if (sizeof ((pid_t)))
| 	    return 0;
|   ;
|   return 0;
| }
configure:4652: result: yes
configure:4663: checking for size_t
configure:4663: gcc -c -g -O2 -Wall  conftest.c >&5
configure:4663: $? = 0
configure:4663: gcc -c -g -O2 -Wall  conftest.c >&5
conftest.c:65:21: error: expected expression
if (sizeof ((size_t)))
                    ^
1 error generated.
configure:4663: $? = 1
configure: failed program was:
| /* confdefs.h */
| #define PACKAGE_NAME ""
| #define PACKAGE_TARNAME ""
| #define PACKAGE_VERSION ""
| #define PACKAGE_STRING ""
| #define PACKAGE_BUGREPORT ""
| #define PACKAGE_URL ""
| #define PACKAGE "rtptools"
| #define VERSION "1.21"
| #define unix 1
| #define __darwin__ 1
| #define HAVE_YP_MATCH 1
| #define HAVE_SOCKET 1
| #define STDC_HEADERS 1
| #define HAVE_SYS_TYPES_H 1
| #define HAVE_SYS_STAT_H 1
| #define HAVE_STDLIB_H 1
| #define HAVE_STRING_H 1
| #define HAVE_MEMORY_H 1
| #define HAVE_STRINGS_H 1
| #define HAVE_INTTYPES_H 1
| #define HAVE_STDINT_H 1
| #define HAVE_UNISTD_H 1
| #define HAVE_SEARCH_H 1
| #define HAVE_SYS_TIME_H 1
| #define HAVE_UNISTD_H 1
| #define HAVE_YP 1
| /* end confdefs.h.  */
| #include <stdio.h>
| #ifdef HAVE_SYS_TYPES_H
| # include <sys/types.h>
| #endif
| #ifdef HAVE_SYS_STAT_H
| # include <sys/stat.h>
| #endif
| #ifdef STDC_HEADERS
| # include <stdlib.h>
| # include <stddef.h>
| #else
| # ifdef HAVE_STDLIB_H
| #  include <stdlib.h>
| # endif
| #endif
| #ifdef HAVE_STRING_H
| # if !defined STDC_HEADERS && defined HAVE_MEMORY_H
| #  include <memory.h>
| # endif
| # include <string.h>
| #endif
| #ifdef HAVE_STRINGS_H
| # include <strings.h>
| #endif
| #ifdef HAVE_INTTYPES_H
| # include <inttypes.h>
| #endif
| #ifdef HAVE_STDINT_H
| # include <stdint.h>
| #endif
| #ifdef HAVE_UNISTD_H
| # include <unistd.h>
| #endif
| int
| main ()
| {
| if (sizeof ((size_t)))
| 	    return 0;
|   ;
|   return 0;
| }
configure:4663: result: yes
configure:4674: checking whether time.h and sys/time.h may both be included
configure:4694: gcc -c -g -O2 -Wall  conftest.c >&5
configure:4694: $? = 0
configure:4701: result: yes
configure:4709: checking whether struct tm is in sys/time.h or time.h
configure:4729: gcc -c -g -O2 -Wall  conftest.c >&5
configure:4729: $? = 0
configure:4736: result: time.h
configure:4746: checking whether gcc needs -traditional
conftest.c:30:10: fatal error: 'termio.h' file not found
#include <termio.h>
         ^
1 error generated.
configure:4780: result: no
configure:4787: checking return type of signal handlers
configure:4805: gcc -c -g -O2 -Wall  conftest.c >&5
conftest.c:36:8: error: indirection requires pointer operand ('void' invalid)
return *(signal (0, 0)) (0) == 1;
       ^~~~~~~~~~~~~~~~~~~~
1 error generated.
configure:4805: $? = 1
configure: failed program was:
| /* confdefs.h */
| #define PACKAGE_NAME ""
| #define PACKAGE_TARNAME ""
| #define PACKAGE_VERSION ""
| #define PACKAGE_STRING ""
| #define PACKAGE_BUGREPORT ""
| #define PACKAGE_URL ""
| #define PACKAGE "rtptools"
| #define VERSION "1.21"
| #define unix 1
| #define __darwin__ 1
| #define HAVE_YP_MATCH 1
| #define HAVE_SOCKET 1
| #define STDC_HEADERS 1
| #define HAVE_SYS_TYPES_H 1
| #define HAVE_SYS_STAT_H 1
| #define HAVE_STDLIB_H 1
| #define HAVE_STRING_H 1
| #define HAVE_MEMORY_H 1
| #define HAVE_STRINGS_H 1
| #define HAVE_INTTYPES_H 1
| #define HAVE_STDINT_H 1
| #define HAVE_UNISTD_H 1
| #define HAVE_SEARCH_H 1
| #define HAVE_SYS_TIME_H 1
| #define HAVE_UNISTD_H 1
| #define HAVE_YP 1
| #define TIME_WITH_SYS_TIME 1
| /* end confdefs.h.  */
| #include <sys/types.h>
| #include <signal.h>
| 
| int
| main ()
| {
| return *(signal (0, 0)) (0) == 1;
|   ;
|   return 0;
| }
configure:4812: result: void
configure:4822: checking for strftime
configure:4822: gcc -o conftest -g -O2 -Wall   conftest.c  >&5
configure:4822: $? = 0
configure:4822: result: yes
configure:4877: checking for vprintf
configure:4877: gcc -o conftest -g -O2 -Wall   conftest.c  >&5
conftest.c:55:6: warning: incompatible redeclaration of library function 'vprintf' [-Wincompatible-library-redeclaration]
char vprintf ();
     ^
conftest.c:55:6: note: 'vprintf' is a builtin with type 'int (const char *, struct __va_list_tag *)'
1 warning generated.
configure:4877: $? = 0
configure:4877: result: yes
configure:4883: checking for _doprnt
configure:4883: gcc -o conftest -g -O2 -Wall   conftest.c  >&5
Undefined symbols for architecture x86_64:
  "__doprnt", referenced from:
      _main in conftest-cae04a.o
ld: symbol(s) not found for architecture x86_64
clang: error: linker command failed with exit code 1 (use -v to see invocation)
configure:4883: $? = 1
configure: failed program was:
| /* confdefs.h */
| #define PACKAGE_NAME ""
| #define PACKAGE_TARNAME ""
| #define PACKAGE_VERSION ""
| #define PACKAGE_STRING ""
| #define PACKAGE_BUGREPORT ""
| #define PACKAGE_URL ""
| #define PACKAGE "rtptools"
| #define VERSION "1.21"
| #define unix 1
| #define __darwin__ 1
| #define HAVE_YP_MATCH 1
| #define HAVE_SOCKET 1
| #define STDC_HEADERS 1
| #define HAVE_SYS_TYPES_H 1
| #define HAVE_SYS_STAT_H 1
| #define HAVE_STDLIB_H 1
| #define HAVE_STRING_H 1
| #define HAVE_MEMORY_H 1
| #define HAVE_STRINGS_H 1
| #define HAVE_INTTYPES_H 1
| #define HAVE_STDINT_H 1
| #define HAVE_UNISTD_H 1
| #define HAVE_SEARCH_H 1
| #define HAVE_SYS_TIME_H 1
| #define HAVE_UNISTD_H 1
| #define HAVE_YP 1
| #define TIME_WITH_SYS_TIME 1
| #define RETSIGTYPE void
| #define HAVE_STRFTIME 1
| #define HAVE_VPRINTF 1
| /* end confdefs.h.  */
| /* Define _doprnt to an innocuous variant, in case <limits.h> declares _doprnt.
|    For example, HP-UX 11i <limits.h> declares gettimeofday.  */
| #define _doprnt innocuous__doprnt
| 
| /* System header to define __stub macros and hopefully few prototypes,
|     which can conflict with char _doprnt (); below.
|     Prefer <limits.h> to <assert.h> if __STDC__ is defined, since
|     <limits.h> exists even on freestanding compilers.  */
| 
| #ifdef __STDC__
| # include <limits.h>
| #else
| # include <assert.h>
| #endif
| 
| #undef _doprnt
| 
| /* Override any GCC internal prototype to avoid an error.
|    Use char because int might match the return type of a GCC
|    builtin and then its argument prototype would still apply.  */
| #ifdef __cplusplus
| extern "C"
| #endif
| char _doprnt ();
| /* The GNU C library defines this for functions which it implements
|     to always fail with ENOSYS.  Some functions are actually named
|     something starting with __ and the normal name is an alias.  */
| #if defined __stub__doprnt || defined __stub____doprnt
| choke me
| #endif
| 
| int
| main ()
| {
| return _doprnt ();
|   ;
|   return 0;
| }
configure:4883: result: no
configure:4898: checking for gethostname
configure:4898: gcc -o conftest -g -O2 -Wall   conftest.c  >&5
configure:4898: $? = 0
configure:4898: result: yes
configure:4898: checking for gettimeofday
configure:4898: gcc -o conftest -g -O2 -Wall   conftest.c  >&5
configure:4898: $? = 0
configure:4898: result: yes
configure:4898: checking for mktime
configure:4898: gcc -o conftest -g -O2 -Wall   conftest.c  >&5
configure:4898: $? = 0
configure:4898: result: yes
configure:4898: checking for select
configure:4898: gcc -o conftest -g -O2 -Wall   conftest.c  >&5
configure:4898: $? = 0
configure:4898: result: yes
configure:4898: checking for strdup
configure:4898: gcc -o conftest -g -O2 -Wall   conftest.c  >&5
conftest.c:60:6: warning: incompatible redeclaration of library function 'strdup' [-Wincompatible-library-redeclaration]
char strdup ();
     ^
conftest.c:60:6: note: 'strdup' is a builtin with type 'char *(const char *)'
1 warning generated.
configure:4898: $? = 0
configure:4898: result: yes
configure:4898: checking for strerror
configure:4898: gcc -o conftest -g -O2 -Wall   conftest.c  >&5
conftest.c:61:6: warning: incompatible redeclaration of library function 'strerror' [-Wincompatible-library-redeclaration]
char strerror ();
     ^
conftest.c:61:6: note: 'strerror' is a builtin with type 'char *(int)'
1 warning generated.
configure:4898: $? = 0
configure:4898: result: yes
configure:4898: checking for strstr
configure:4898: gcc -o conftest -g -O2 -Wall   conftest.c  >&5
conftest.c:62:6: warning: incompatible redeclaration of library function 'strstr' [-Wincompatible-library-redeclaration]
char strstr ();
     ^
conftest.c:62:6: note: 'strstr' is a builtin with type 'char *(const char *, const char *)'
1 warning generated.
configure:4898: $? = 0
configure:4898: result: yes
configure:4898: checking for strtol
configure:4898: gcc -o conftest -g -O2 -Wall   conftest.c  >&5
configure:4898: $? = 0
configure:4898: result: yes
configure:4898: checking for uname
configure:4898: gcc -o conftest -g -O2 -Wall   conftest.c  >&5
configure:4898: $? = 0
configure:4898: result: yes
configure:5072: creating ./config.status

## ---------------------- ##
## Running config.status. ##
## ---------------------- ##

This file was extended by config.status, which was
generated by GNU Autoconf 2.68.  Invocation command line was

  CONFIG_FILES    = 
  CONFIG_HEADERS  = 
  CONFIG_LINKS    = 
  CONFIG_COMMANDS = 
  $ ./config.status 

on MacBook-Pro-Daniil.local

config.status:793: creating Makefile
config.status:965: executing depfiles commands

## ---------------- ##
## Cache variables. ##
## ---------------- ##

ac_cv_build=x86_64-apple-darwin16.6.0
ac_cv_c_bigendian=no
ac_cv_c_compiler_gnu=yes
ac_cv_c_const=yes
ac_cv_env_CC_set=
ac_cv_env_CC_value=
ac_cv_env_CFLAGS_set=
ac_cv_env_CFLAGS_value=
ac_cv_env_CPPFLAGS_set=
ac_cv_env_CPPFLAGS_value=
ac_cv_env_CPP_set=
ac_cv_env_CPP_value=
ac_cv_env_LDFLAGS_set=
ac_cv_env_LDFLAGS_value=
ac_cv_env_LIBS_set=
ac_cv_env_LIBS_value=
ac_cv_env_build_alias_set=
ac_cv_env_build_alias_value=
ac_cv_env_host_alias_set=
ac_cv_env_host_alias_value=
ac_cv_env_target_alias_set=
ac_cv_env_target_alias_value=
ac_cv_func__doprnt=no
ac_cv_func_gethostbyname=no
ac_cv_func_gethostname=yes
ac_cv_func_gettimeofday=yes
ac_cv_func_mktime=yes
ac_cv_func_select=yes
ac_cv_func_socket=yes
ac_cv_func_strdup=yes
ac_cv_func_strerror=yes
ac_cv_func_strftime=yes
ac_cv_func_strstr=yes
ac_cv_func_strtol=yes
ac_cv_func_uname=yes
ac_cv_func_vprintf=yes
ac_cv_func_yp_match=yes
ac_cv_header_inttypes_h=yes
ac_cv_header_memory_h=yes
ac_cv_header_rpcsvc_ypclnt_h=yes
ac_cv_header_search_h=yes
ac_cv_header_stdc=yes
ac_cv_header_stdint_h=yes
ac_cv_header_stdlib_h=yes
ac_cv_header_string_h=yes
ac_cv_header_strings_h=yes
ac_cv_header_sys_stat_h=yes
ac_cv_header_sys_time_h=yes
ac_cv_header_sys_types_h=yes
ac_cv_header_time=yes
ac_cv_header_unistd_h=yes
ac_cv_host=x86_64-apple-darwin16.6.0
ac_cv_lib_nsl_gethostbyname=no
ac_cv_objext=o
ac_cv_path_EGREP='/usr/bin/grep -E'
ac_cv_path_GREP=/usr/bin/grep
ac_cv_path_install='/usr/bin/install -c'
ac_cv_prog_AWK=awk
ac_cv_prog_CPP='gcc -E'
ac_cv_prog_ac_ct_CC=gcc
ac_cv_prog_cc_c89=
ac_cv_prog_cc_g=yes
ac_cv_prog_gcc_traditional=no
ac_cv_prog_make_make_set=yes
ac_cv_struct_tm=time.h
ac_cv_type_off_t=yes
ac_cv_type_pid_t=yes
ac_cv_type_signal=void
ac_cv_type_size_t=yes
ac_cv_type_uid_t=yes
am_cv_CC_dependencies_compiler_type=gcc3
ts_cv_darwin=yes

## ----------------- ##
## Output variables. ##
## ----------------- ##

ACLOCAL='${SHELL} /Users/omawnakw/rtp_pcap_stream/rtptools-1.21/missing --run aclocal-1.10'
AMDEPBACKSLASH='\'
AMDEP_FALSE='#'
AMDEP_TRUE=''
AMTAR='${SHELL} /Users/omawnakw/rtp_pcap_stream/rtptools-1.21/missing --run tar'
AUTOCONF='${SHELL} /Users/omawnakw/rtp_pcap_stream/rtptools-1.21/missing --run autoconf'
AUTOHEADER='${SHELL} /Users/omawnakw/rtp_pcap_stream/rtptools-1.21/missing --run autoheader'
AUTOMAKE='${SHELL} /Users/omawnakw/rtp_pcap_stream/rtptools-1.21/missing --run automake-1.10'
AWK='awk'
CC='gcc'
CCDEPMODE='depmode=gcc3'
CFLAGS='-g -O2 -Wall'
CPP='gcc -E'
CPPFLAGS=''
CYGPATH_W='echo'
DARWIN_FALSE='#'
DARWIN_TRUE=''
DEFS='-DPACKAGE_NAME=\"\" -DPACKAGE_TARNAME=\"\" -DPACKAGE_VERSION=\"\" -DPACKAGE_STRING=\"\" -DPACKAGE_BUGREPORT=\"\" -DPACKAGE_URL=\"\" -DPACKAGE=\"rtptools\" -DVERSION=\"1.21\" -Dunix=1 -D__darwin__=1 -DHAVE_YP_MATCH=1 -DHAVE_SOCKET=1 -DSTDC_HEADERS=1 -DHAVE_SYS_TYPES_H=1 -DHAVE_SYS_STAT_H=1 -DHAVE_STDLIB_H=1 -DHAVE_STRING_H=1 -DHAVE_MEMORY_H=1 -DHAVE_STRINGS_H=1 -DHAVE_INTTYPES_H=1 -DHAVE_STDINT_H=1 -DHAVE_UNISTD_H=1 -DHAVE_SEARCH_H=1 -DHAVE_SYS_TIME_H=1 -DHAVE_UNISTD_H=1 -DHAVE_YP=1 -DTIME_WITH_SYS_TIME=1 -DRETSIGTYPE=void -DHAVE_STRFTIME=1 -DHAVE_VPRINTF=1 -DHAVE_GETHOSTNAME=1 -DHAVE_GETTIMEOFDAY=1 -DHAVE_MKTIME=1 -DHAVE_SELECT=1 -DHAVE_STRDUP=1 -DHAVE_STRERROR=1 -DHAVE_STRSTR=1 -DHAVE_STRTOL=1 -DHAVE_UNAME=1'
DEPDIR='.deps'
ECHO_C='\c'
ECHO_N=''
ECHO_T=''
EGREP='/usr/bin/grep -E'
EXEEXT=''
GREP='/usr/bin/grep'
INSTALL_DATA='${INSTALL} -m 644'
INSTALL_PROGRAM='${INSTALL}'
INSTALL_SCRIPT='${INSTALL}'
INSTALL_STRIP_PROGRAM='$(install_sh) -c -s'
LDFLAGS=''
LIBOBJS=''
LIBS=''
LTLIBOBJS=''
MAKEINFO='${SHELL} /Users/omawnakw/rtp_pcap_stream/rtptools-1.21/missing --run makeinfo'
MKDIR_P='./install-sh -c -d'
OBJEXT='o'
PACKAGE='rtptools'
PACKAGE_BUGREPORT=''
PACKAGE_NAME=''
PACKAGE_STRING=''
PACKAGE_TARNAME=''
PACKAGE_URL=''
PACKAGE_VERSION=''
PATH_SEPARATOR=':'
SET_MAKE=''
SHELL='/bin/sh'
STRIP=''
VERSION='1.21'
ac_ct_CC='gcc'
am__fastdepCC_FALSE='#'
am__fastdepCC_TRUE=''
am__include='include'
am__isrc=''
am__leading_dot='.'
am__quote=''
am__tar='${AMTAR} chof - "$$tardir"'
am__untar='${AMTAR} xf -'
bindir='${exec_prefix}/bin'
build='x86_64-apple-darwin16.6.0'
build_alias=''
build_cpu='x86_64'
build_os='darwin16.6.0'
build_vendor='apple'
datadir='${datarootdir}'
datarootdir='${prefix}/share'
docdir='${datarootdir}/doc/${PACKAGE}'
dvidir='${docdir}'
exec_prefix='${prefix}'
host='x86_64-apple-darwin16.6.0'
host_alias=''
host_cpu='x86_64'
host_os='darwin16.6.0'
host_vendor='apple'
htmldir='${docdir}'
includedir='${prefix}/include'
infodir='${datarootdir}/info'
install_sh='$(SHELL) /Users/omawnakw/rtp_pcap_stream/rtptools-1.21/install-sh'
libdir='${exec_prefix}/lib'
libexecdir='${exec_prefix}/libexec'
localedir='${datarootdir}/locale'
localstatedir='${prefix}/var'
mandir='${datarootdir}/man'
mkdir_p='$(top_builddir)/./install-sh -c -d'
oldincludedir='/usr/include'
pdfdir='${docdir}'
prefix='/usr/local'
program_transform_name='s,x,x,'
psdir='${docdir}'
sbindir='${exec_prefix}/sbin'
sharedstatedir='${prefix}/com'
sysconfdir='${prefix}/etc'
target_alias=''

## ----------- ##
## confdefs.h. ##
## ----------- ##

/* confdefs.h */
#define PACKAGE_NAME ""
#define PACKAGE_TARNAME ""
#define PACKAGE_VERSION ""
#define PACKAGE_STRING ""
#define PACKAGE_BUGREPORT ""
#define PACKAGE_URL ""
#define PACKAGE "rtptools"
#define VERSION "1.21"
#define unix 1
#define __darwin__ 1
#define HAVE_YP_MATCH 1
#define HAVE_SOCKET 1
#define STDC_HEADERS 1
#define HAVE_SYS_TYPES_H 1
#define HAVE_SYS_STAT_H 1
#define HAVE_STDLIB_H 1
#define HAVE_STRING_H 1
#define HAVE_MEMORY_H 1
#define HAVE_STRINGS_H 1
#define HAVE_INTTYPES_H 1
#define HAVE_STDINT_H 1
#define HAVE_UNISTD_H 1
#define HAVE_SEARCH_H 1
#define HAVE_SYS_TIME_H 1
#define HAVE_UNISTD_H 1
#define HAVE_YP 1
#define TIME_WITH_SYS_TIME 1
#define RETSIGTYPE void
#define HAVE_STRFTIME 1
#define HAVE_VPRINTF 1
#define HAVE_GETHOSTNAME 1
#define HAVE_GETTIMEOFDAY 1
#define HAVE_MKTIME 1
#define HAVE_SELECT 1
#define HAVE_STRDUP 1
#define HAVE_STRERROR 1
#define HAVE_STRSTR 1
#define HAVE_STRTOL 1
#define HAVE_UNAME 1

configure: exit 0
